
                                      ARENA Simulation Results
                                      Jacob - License: STUDENT

                                  Summary for Replication 1 of 1

Project: Unnamed Project                                             Run execution date : 4/15/2015
Analyst: Jacob                                                       Model revision date: 4/15/2015

Replication ended at time      : 24.0 Hours 
Base Time Units: Hours

                                           TALLY VARIABLES

Identifier                                  Average   Half Width  Minimum    Maximum   Observations
___________________________________________________________________________________________________

Record 1                                    1.0000     (Insuf)    1.0000     1.0000         24    
Record 2                                    4.0000     (Insuf)    4.0000     4.0000          5    
Entity 1.VATime                             4.0000     (Insuf)    4.0000     4.0000          6    
Entity 1.NVATime                            .00000     (Insuf)    .00000     .00000          6    
Entity 1.WaitTime                           7.5000     (Insuf)    .00000     15.000          6    
Entity 1.TranTime                           .00000     (Insuf)    .00000     .00000          6    
Entity 1.OtherTime                          .00000     (Insuf)    .00000     .00000          6    
Entity 1.TotalTime                          11.500     (Insuf)    4.0000     19.000          6    
Process 1.Queue.WaitingTime                 9.0000     (Insuf)    .00000     18.000          7    

                                     DISCRETE-CHANGE VARIABLES

Identifier                                  Average   Half Width  Minimum    Maximum   Final Value
___________________________________________________________________________________________________

Entity 1.WIP                                10.000     (Insuf)    .00000     20.000     19.000    
Resource 1.NumberBusy                       1.0000     (Insuf)    .00000     1.0000     1.0000    
Resource 1.NumberScheduled                  1.0000     (Insuf)    1.0000     1.0000     1.0000    
Resource 1.Utilization                      1.0000     (Insuf)    .00000     1.0000     1.0000    
Process 1.Queue.NumberInQueue               9.0000     (Insuf)    .00000     19.000     18.000    

                                             OUTPUTS

Identifier                                   Value
_____________________________________________________________

Entity 1.NumberIn                           25.000    
Entity 1.NumberOut                          6.0000    
Resource 1.NumberSeized                     7.0000    
Resource 1.ScheduledUtilization             1.0000    
System.NumberOut                            6.0000    


Simulation run time: 0.00 minutes.
Simulation run complete.
