SIMAN Run Controller.

0.0 Hours>SIMAN Run Controller.

362.33108 Hours>
                                      ARENA Simulation Results
                                      Jacob - License: STUDENT

                                  Summary for Replication 1 of 1

Project: Unnamed Project                                             Run execution date : 4/ 9/2015
Analyst: Jacob                                                       Model revision date: 4/ 9/2015

Replication ended at time      : 362.33108 Hours 
Base Time Units: Hours

                                           TALLY VARIABLES

Identifier                                  Average   Half Width  Minimum    Maximum   Observations
___________________________________________________________________________________________________

Entity 1.VATime                             .56903     (Corr)     .00000     1.4741        405    
Entity 1.NVATime                            .00000     .00000     .00000     .00000        405    
Entity 1.WaitTime                           .00000     .00000     .00000     .00000        405    
Entity 1.TranTime                           .00000     .00000     .00000     .00000        405    
Entity 1.OtherTime                          .00000     .00000     .00000     .00000        405    
Entity 1.TotalTime                          .56903     (Corr)     .00000     1.4741        405    

                                     DISCRETE-CHANGE VARIABLES

Identifier                                  Average   Half Width  Minimum    Maximum   Final Value
___________________________________________________________________________________________________

Entity 1.WIP                                .63604     .24621     .00000     42.000     .00000    

                                             OUTPUTS

Identifier                                   Value
_____________________________________________________________

Entity 1.NumberIn                           405.00    
Entity 1.NumberOut                          405.00    
System.NumberOut                            405.00    


Simulation run time: 0.18 minutes.
Simulation run complete.
