
----------------------------------------------------------------------
A runtime error was detected at time 33.606956 at the following block:

 *    1 2$              CREATE,1,SecondstoBaseTime(0.0),Entity 1:
                            SecondstoBaseTime(EXPO(128.57)-5.3787):
                            NEXT(3$);

Maximum of 150 entities exceeded.
Possible causes:
- A logic problem in your model is creating too many entities or not
  disposing them. The run controller may be helpful in finding the problem.
- You are in demo mode and have exceeded the entity limit. The commercial
  version is required to run large models.
- You have set an entity limit on the DISCRETE element that is too small.
  Remove the limit or set it to a larger number.
- You have exceeded the standard array s 
pace for models. Use the Array Sizes
  page in the Run/Setup dialog to increase the RSET space allocated and
  recheck your model.
----------------------------------------------------------------------


SIMAN Run Controller.

33.606956 Hours>
33.606956 Hours>
                                      ARENA Simulation Results
                                      Jacob - License: STUDENT

                                  Summary for Replication 1 of 1

Project: Unnamed Project                                             Run execution date : 4/15/2015
Analyst: Jacob                                                       Model revision date: 4/15/2015

Replication ended at time      : 33.606956 Hours 
Base Time Units: Hours

                                           TALLY VARIABLES

Identifier                                  Average   Half Width  Minimum    Maximum   Observations
___________________________________________________________________________________________________

Entity 1.VATime                             .04087     .00266     1.0155E-04 .28415        815    
Entity 1.NVATime                            .00000     .00000     .00000     .00000        815    
Entity 1.WaitTime                           2.5934     (Corr)     .00000     4.8659        815    
Entity 1.TranTime                           .00000     .00000     .00000     .00000        815    
Entity 1.OtherTime                          .00000     .00000     .00000     .00000        815    
Entity 1.TotalTime                          2.6343     (Corr)     .01275     4.8956        815    
Car Leaves.Queue.WaitingTime                2.5962     (Corr)     .00000     4.8659        816    

                                     DISCRETE-CHANGE VARIABLES

Identifier                                  Average   Half Width  Minimum    Maximum   Final Value
___________________________________________________________________________________________________

Entity 1.WIP                                74.906     (Corr)     .00000     148.00     148.00    
Park.NumberBusy                             .99424     (Insuf)    .00000     1.0000     1.0000    
Park.NumberScheduled                        1.0000     (Insuf)    1.0000     1.0000     1.0000    
Park.Utilization                            .99424     (Insuf)    .00000     1.0000     1.0000    
Car Leaves.Queue.NumberInQueue              73.911     (Corr)     .00000     147.00     147.00    

                                             OUTPUTS

Identifier                                   Value
_____________________________________________________________

Entity 1.NumberIn                           963.00    
Entity 1.NumberOut                          815.00    
Park.NumberSeized                           816.00    
Park.ScheduledUtilization                   .99424    
System.NumberOut                            815.00    


Simulation run time: 1.63 minutes.
Simulation run completed with 1 error(s) and 0 warning(s).
